# mic/ojph
cc1: warning: ‘-mavx10.1’ is aliased to 512 bit since GCC14.3 and GCC15.1 while ‘-mavx10.1-256’ and ‘-mavx10.1-512’ will be deprecated in GCC 16 due to all machines 512 bit vector size supported
cc1: warning: ‘-mavx10.1’ is aliased to 512 bit since GCC14.3 and GCC15.1 while ‘-mavx10.1-256’ and ‘-mavx10.1-512’ will be deprecated in GCC 16 due to all machines 512 bit vector size supported
# mic/ojph
cc1: warning: ‘-mavx10.1’ is aliased to 512 bit since GCC14.3 and GCC15.1 while ‘-mavx10.1-256’ and ‘-mavx10.1-512’ will be deprecated in GCC 16 due to all machines 512 bit vector size supported
cc1: warning: ‘-mavx10.1’ is aliased to 512 bit since GCC14.3 and GCC15.1 while ‘-mavx10.1-256’ and ‘-mavx10.1-512’ will be deprecated in GCC 16 due to all machines 512 bit vector size supported
# mic/ojph
cc1: warning: ‘-mavx10.1’ is aliased to 512 bit since GCC14.3 and GCC15.1 while ‘-mavx10.1-256’ and ‘-mavx10.1-512’ will be deprecated in GCC 16 due to all machines 512 bit vector size supported
cc1: warning: ‘-mavx10.1’ is aliased to 512 bit since GCC14.3 and GCC15.1 while ‘-mavx10.1-256’ and ‘-mavx10.1-512’ will be deprecated in GCC 16 due to all machines 512 bit vector size supported
# mic/ojph
cc1: warning: ‘-mavx10.1’ is aliased to 512 bit since GCC14.3 and GCC15.1 while ‘-mavx10.1-256’ and ‘-mavx10.1-512’ will be deprecated in GCC 16 due to all machines 512 bit vector size supported
cc1: warning: ‘-mavx10.1’ is aliased to 512 bit since GCC14.3 and GCC15.1 while ‘-mavx10.1-256’ and ‘-mavx10.1-512’ will be deprecated in GCC 16 due to all machines 512 bit vector size supported
# mic/ojph
cc1: warning: ‘-mavx10.1’ is aliased to 512 bit since GCC14.3 and GCC15.1 while ‘-mavx10.1-256’ and ‘-mavx10.1-512’ will be deprecated in GCC 16 due to all machines 512 bit vector size supported
cc1: warning: ‘-mavx10.1’ is aliased to 512 bit since GCC14.3 and GCC15.1 while ‘-mavx10.1-256’ and ‘-mavx10.1-512’ will be deprecated in GCC 16 due to all machines 512 bit vector size supported
# mic/ojph
cc1: warning: ‘-mavx10.1’ is aliased to 512 bit since GCC14.3 and GCC15.1 while ‘-mavx10.1-256’ and ‘-mavx10.1-512’ will be deprecated in GCC 16 due to all machines 512 bit vector size supported
cc1: warning: ‘-mavx10.1’ is aliased to 512 bit since GCC14.3 and GCC15.1 while ‘-mavx10.1-256’ and ‘-mavx10.1-512’ will be deprecated in GCC 16 due to all machines 512 bit vector size supported
mic_decompress_c.c:22:44: warning: excess elements in array initializer
   22 |     0x3FFFFFFFu, 0x7FFFFFFFu, 0xFFFFFFFFu, 0xFFFFFFFFu,
      |                                            ^~~~~~~~~~~
mic_decompress_c.c:22:44: note: (near initialization for ‘nbits_mask32’)
# mic/ojph
cc1: warning: ‘-mavx10.1’ is aliased to 512 bit since GCC14.3 and GCC15.1 while ‘-mavx10.1-256’ and ‘-mavx10.1-512’ will be deprecated in GCC 16 due to all machines 512 bit vector size supported
cc1: warning: ‘-mavx10.1’ is aliased to 512 bit since GCC14.3 and GCC15.1 while ‘-mavx10.1-256’ and ‘-mavx10.1-512’ will be deprecated in GCC 16 due to all machines 512 bit vector size supported
# mic/ojph
cc1: warning: ‘-mavx10.1’ is aliased to 512 bit since GCC14.3 and GCC15.1 while ‘-mavx10.1-256’ and ‘-mavx10.1-512’ will be deprecated in GCC 16 due to all machines 512 bit vector size supported
cc1: warning: ‘-mavx10.1’ is aliased to 512 bit since GCC14.3 and GCC15.1 while ‘-mavx10.1-256’ and ‘-mavx10.1-512’ will be deprecated in GCC 16 due to all machines 512 bit vector size supported
